Lua/.modules/love-android/app/build/intermediates/manifest_merge_blame_file/normalRecordDebug/manifest-merger-blame-normal-record-debug-report.txt
1<?xml version="1.0" encoding="utf-8"?>
2<manifest xmlns:android="http://schemas.android.com/apk/res/android"
3    package="org.love2d.android"
4    android:versionCode="31"
5    android:versionName="11.5" >
6
7    <uses-sdk
8        android:minSdkVersion="16"
9        android:targetSdkVersion="33" />
10
11    <uses-permission
11-->src\normal\AndroidManifest.xml:4:3-105
12        android:name="android.permission.READ_EXTERNAL_STORAGE"
12-->src\normal\AndroidManifest.xml:4:20-75
13        android:maxSdkVersion="28" />
13-->src\normal\AndroidManifest.xml:4:76-102
14    <uses-permission
14-->src\main\AndroidManifest.xml:7:3-106
15        android:name="android.permission.WRITE_EXTERNAL_STORAGE"
15-->src\main\AndroidManifest.xml:7:20-76
16        android:maxSdkVersion="28" />
16-->src\main\AndroidManifest.xml:7:77-103
17    <uses-permission android:name="android.permission.INTERNET" />
17-->src\main\AndroidManifest.xml:3:3-65
17-->src\main\AndroidManifest.xml:3:20-62
18    <uses-permission android:name="android.permission.VIBRATE" />
18-->src\main\AndroidManifest.xml:4:3-64
18-->src\main\AndroidManifest.xml:4:20-61
19    <uses-permission android:name="android.permission.BLUETOOTH" />
19-->src\main\AndroidManifest.xml:5:3-66
19-->src\main\AndroidManifest.xml:5:20-63
20    <uses-permission android:name="android.permission.RECORD_AUDIO" /> <!-- OpenGL ES 2.0 -->
20-->src\main\AndroidManifest.xml:6:3-69
20-->src\main\AndroidManifest.xml:6:20-66
21    <uses-feature android:glEsVersion="0x00020000" /> <!-- Touchscreen support -->
21-->src\main\AndroidManifest.xml:10:3-52
21-->src\main\AndroidManifest.xml:10:17-49
22    <uses-feature
22-->src\main\AndroidManifest.xml:12:3-88
23        android:name="android.hardware.touchscreen"
23-->src\main\AndroidManifest.xml:12:17-60
24        android:required="false" /> <!-- Game controller support -->
24-->src\main\AndroidManifest.xml:12:61-85
25    <uses-feature
25-->src\main\AndroidManifest.xml:14:3-86
26        android:name="android.hardware.bluetooth"
26-->src\main\AndroidManifest.xml:14:17-58
27        android:required="false" />
27-->src\main\AndroidManifest.xml:14:59-83
28    <uses-feature
28-->src\main\AndroidManifest.xml:15:3-84
29        android:name="android.hardware.gamepad"
29-->src\main\AndroidManifest.xml:15:17-56
30        android:required="false" />
30-->src\main\AndroidManifest.xml:15:57-81
31    <uses-feature
31-->src\main\AndroidManifest.xml:16:3-85
32        android:name="android.hardware.usb.host"
32-->src\main\AndroidManifest.xml:16:17-57
33        android:required="false" /> <!-- External mouse input events -->
33-->src\main\AndroidManifest.xml:16:58-82
34    <uses-feature
34-->src\main\AndroidManifest.xml:18:3-84
35        android:name="android.hardware.type.pc"
35-->src\main\AndroidManifest.xml:18:17-56
36        android:required="false" /> <!-- Low latency audio -->
36-->src\main\AndroidManifest.xml:18:57-81
37    <uses-feature
37-->src\main\AndroidManifest.xml:20:3-94
38        android:name="android.hardware.audio.low_latency"
38-->src\main\AndroidManifest.xml:20:17-66
39        android:required="false" />
39-->src\main\AndroidManifest.xml:20:67-91
40    <uses-feature
40-->src\main\AndroidManifest.xml:21:3-86
41        android:name="android.hardware.audio.pro"
41-->src\main\AndroidManifest.xml:21:17-58
42        android:required="false" />
42-->src\main\AndroidManifest.xml:21:59-83
43
44    <permission
44-->[androidx.core:core:1.9.0] AndroidManifest.xml:22:5-24:47
45        android:name="org.love2d.android.DYNAMIC_RECEIVER_NOT_EXPORTED_PERMISSION"
45-->[androidx.core:core:1.9.0] AndroidManifest.xml:23:9-81
46        android:protectionLevel="signature" />
46-->[androidx.core:core:1.9.0] AndroidManifest.xml:24:9-44
47
48    <uses-permission android:name="org.love2d.android.DYNAMIC_RECEIVER_NOT_EXPORTED_PERMISSION" />
48-->[androidx.core:core:1.9.0] AndroidManifest.xml:26:5-97
48-->[androidx.core:core:1.9.0] AndroidManifest.xml:26:22-94
49
50    <application
51        android:allowBackup="true"
51-->src\main\AndroidManifest.xml:24:7-33
52        android:appComponentFactory="androidx.core.app.CoreComponentFactory"
52-->[androidx.core:core:1.9.0] AndroidManifest.xml:28:18-86
53        android:debuggable="true"
54        android:icon="@drawable/love"
54-->src\main\AndroidManifest.xml:25:7-36
55        android:label="LÖVE for Android"
55-->src\main\AndroidManifest.xml:26:7-30
56        android:usesCleartextTraffic="true" >
56-->src\main\AndroidManifest.xml:27:7-42
57        <service android:name="org.love2d.android.DownloadService" />
57-->src\normal\AndroidManifest.xml:8:5-66
57-->src\normal\AndroidManifest.xml:8:14-63
58
59        <activity
60            android:name="org.love2d.android.GameActivity"
60-->src\normal\AndroidManifest.xml:10:9-55
61            android:configChanges="orientation|screenSize|smallestScreenSize|screenLayout|keyboard|keyboardHidden|navigation"
61-->src\main\AndroidManifest.xml:31:9-122
62            android:exported="true"
62-->src\main\AndroidManifest.xml:30:9-32
63            android:label="LÖVE for Android"
63-->src\main\AndroidManifest.xml:32:9-32
64            android:launchMode="singleTask"
64-->src\main\AndroidManifest.xml:33:9-40
65            android:resizeableActivity="false"
65-->src\main\AndroidManifest.xml:35:9-43
66            android:screenOrientation="landscape"
66-->src\main\AndroidManifest.xml:34:9-51
67            android:theme="@android:style/Theme.NoTitleBar.Fullscreen" >
67-->src\main\AndroidManifest.xml:36:9-67
68            <intent-filter>
68-->src\normal\AndroidManifest.xml:12:7-20:23
69                <action android:name="android.intent.action.VIEW" />
69-->src\normal\AndroidManifest.xml:13:9-61
69-->src\normal\AndroidManifest.xml:13:17-58
70
71                <category android:name="android.intent.category.DEFAULT" />
71-->src\normal\AndroidManifest.xml:14:9-68
71-->src\normal\AndroidManifest.xml:14:19-65
72                <category android:name="android.intent.category.BROWSABLE" />
72-->src\normal\AndroidManifest.xml:15:9-70
72-->src\normal\AndroidManifest.xml:15:19-67
73
74                <data android:scheme="file" />
74-->src\normal\AndroidManifest.xml:16:9-39
74-->src\normal\AndroidManifest.xml:16:15-36
75                <data android:mimeType="*/*" />
75-->src\normal\AndroidManifest.xml:16:9-39
75-->src\normal\AndroidManifest.xml:17:15-37
76                <data android:pathPattern=".*\\.love" />
76-->src\normal\AndroidManifest.xml:16:9-39
76-->src\normal\AndroidManifest.xml:18:15-46
77                <data android:host="*" />
77-->src\normal\AndroidManifest.xml:16:9-39
77-->src\normal\AndroidManifest.xml:19:15-31
78            </intent-filter>
79            <intent-filter>
79-->src\normal\AndroidManifest.xml:21:7-27:23
80                <action android:name="android.intent.action.VIEW" />
80-->src\normal\AndroidManifest.xml:13:9-61
80-->src\normal\AndroidManifest.xml:13:17-58
81
82                <category android:name="android.intent.category.DEFAULT" />
82-->src\normal\AndroidManifest.xml:14:9-68
82-->src\normal\AndroidManifest.xml:14:19-65
83                <category android:name="android.intent.category.BROWSABLE" />
83-->src\normal\AndroidManifest.xml:15:9-70
83-->src\normal\AndroidManifest.xml:15:19-67
84
85                <data android:scheme="content" />
85-->src\normal\AndroidManifest.xml:16:9-39
85-->src\normal\AndroidManifest.xml:16:15-36
86                <data android:mimeType="application/x-love-game" />
86-->src\normal\AndroidManifest.xml:16:9-39
86-->src\normal\AndroidManifest.xml:17:15-37
87            </intent-filter>
88            <intent-filter>
88-->src\normal\AndroidManifest.xml:28:7-34:23
89                <action android:name="android.intent.action.VIEW" />
89-->src\normal\AndroidManifest.xml:13:9-61
89-->src\normal\AndroidManifest.xml:13:17-58
90
91                <category android:name="android.intent.category.DEFAULT" />
91-->src\normal\AndroidManifest.xml:14:9-68
91-->src\normal\AndroidManifest.xml:14:19-65
92                <category android:name="android.intent.category.BROWSABLE" />
92-->src\normal\AndroidManifest.xml:15:9-70
92-->src\normal\AndroidManifest.xml:15:19-67
93
94                <data android:scheme="content" />
94-->src\normal\AndroidManifest.xml:16:9-39
94-->src\normal\AndroidManifest.xml:16:15-36
95                <data android:mimeType="application/octet-stream" />
95-->src\normal\AndroidManifest.xml:16:9-39
95-->src\normal\AndroidManifest.xml:17:15-37
96            </intent-filter>
97            <intent-filter>
97-->src\normal\AndroidManifest.xml:61:7-65:23
98                <action android:name="android.intent.action.MAIN" />
98-->src\normal\AndroidManifest.xml:62:9-61
98-->src\normal\AndroidManifest.xml:62:17-58
99
100                <category android:name="android.intent.category.LAUNCHER" />
100-->src\normal\AndroidManifest.xml:63:9-69
100-->src\normal\AndroidManifest.xml:63:19-66
101                <category android:name="tv.ouya.intent.category.GAME" />
101-->src\normal\AndroidManifest.xml:64:9-65
101-->src\normal\AndroidManifest.xml:64:19-62
102            </intent-filter>
103            <intent-filter>
103-->src\main\AndroidManifest.xml:42:7-44:23
104                <action android:name="android.hardware.usb.action.USB_DEVICE_ATTACHED" />
104-->src\main\AndroidManifest.xml:43:9-82
104-->src\main\AndroidManifest.xml:43:17-79
105            </intent-filter>
106        </activity>
107        <activity
107-->src\normal\AndroidManifest.xml:36:5-54:16
108            android:name="org.love2d.android.DownloadActivity"
108-->src\normal\AndroidManifest.xml:37:9-59
109            android:exported="true"
109-->src\normal\AndroidManifest.xml:38:9-32
110            android:noHistory="true"
110-->src\normal\AndroidManifest.xml:39:9-33
111            android:theme="@android:style/Theme.NoTitleBar" >
111-->src\normal\AndroidManifest.xml:40:9-56
112            <intent-filter>
112-->src\normal\AndroidManifest.xml:41:7-53:23
113                <action android:name="android.intent.action.VIEW" />
113-->src\normal\AndroidManifest.xml:13:9-61
113-->src\normal\AndroidManifest.xml:13:17-58
114
115                <category android:name="android.intent.category.DEFAULT" />
115-->src\normal\AndroidManifest.xml:14:9-68
115-->src\normal\AndroidManifest.xml:14:19-65
116                <category android:name="android.intent.category.BROWSABLE" />
116-->src\normal\AndroidManifest.xml:15:9-70
116-->src\normal\AndroidManifest.xml:15:19-67
117
118                <data
118-->src\normal\AndroidManifest.xml:16:9-39
119                    android:host="*"
119-->src\normal\AndroidManifest.xml:19:15-31
120                    android:mimeType="*/*"
120-->src\normal\AndroidManifest.xml:17:15-37
121                    android:pathPattern=".*\\.love"
121-->src\normal\AndroidManifest.xml:18:15-46
122                    android:scheme="http" />
122-->src\normal\AndroidManifest.xml:16:15-36
123                <data
123-->src\normal\AndroidManifest.xml:16:9-39
124                    android:host="*"
124-->src\normal\AndroidManifest.xml:19:15-31
125                    android:mimeType="*/*"
125-->src\normal\AndroidManifest.xml:17:15-37
126                    android:pathPattern=".*\\.love"
126-->src\normal\AndroidManifest.xml:18:15-46
127                    android:scheme="https" />
127-->src\normal\AndroidManifest.xml:16:15-36
128            </intent-filter>
129        </activity>
130        <activity
130-->src\normal\AndroidManifest.xml:55:5-66:16
131            android:name="org.love2d.android.SelectorActivity"
131-->src\normal\AndroidManifest.xml:56:9-59
132            android:enabled="@bool/selector_active"
132-->src\normal\AndroidManifest.xml:59:9-48
133            android:exported="true"
133-->src\normal\AndroidManifest.xml:58:9-32
134            android:label="LÖVE Loader"
134-->src\normal\AndroidManifest.xml:57:9-36
135            android:theme="@style/Theme.AppCompat.NoActionBar" >
135-->src\normal\AndroidManifest.xml:60:9-59
136            <intent-filter>
136-->src\normal\AndroidManifest.xml:61:7-65:23
137                <action android:name="android.intent.action.MAIN" />
137-->src\normal\AndroidManifest.xml:62:9-61
137-->src\normal\AndroidManifest.xml:62:17-58
138
139                <category android:name="android.intent.category.LAUNCHER" />
139-->src\normal\AndroidManifest.xml:63:9-69
139-->src\normal\AndroidManifest.xml:63:19-66
140                <category android:name="tv.ouya.intent.category.GAME" />
140-->src\normal\AndroidManifest.xml:64:9-65
140-->src\normal\AndroidManifest.xml:64:19-62
141            </intent-filter>
142        </activity>
143
144        <provider
144-->[androidx.emoji2:emoji2:1.2.0] AndroidManifest.xml:24:9-32:20
145            android:name="androidx.startup.InitializationProvider"
145-->[androidx.emoji2:emoji2:1.2.0] AndroidManifest.xml:25:13-67
146            android:authorities="org.love2d.android.androidx-startup"
146-->[androidx.emoji2:emoji2:1.2.0] AndroidManifest.xml:26:13-68
147            android:exported="false" >
147-->[androidx.emoji2:emoji2:1.2.0] AndroidManifest.xml:27:13-37
148            <meta-data
148-->[androidx.emoji2:emoji2:1.2.0] AndroidManifest.xml:29:13-31:52
149                android:name="androidx.emoji2.text.EmojiCompatInitializer"
149-->[androidx.emoji2:emoji2:1.2.0] AndroidManifest.xml:30:17-75
150                android:value="androidx.startup" />
150-->[androidx.emoji2:emoji2:1.2.0] AndroidManifest.xml:31:17-49
151            <meta-data
151-->[androidx.lifecycle:lifecycle-process:2.4.1] AndroidManifest.xml:31:13-33:52
152                android:name="androidx.lifecycle.ProcessLifecycleInitializer"
152-->[androidx.lifecycle:lifecycle-process:2.4.1] AndroidManifest.xml:32:17-78
153                android:value="androidx.startup" />
153-->[androidx.lifecycle:lifecycle-process:2.4.1] AndroidManifest.xml:33:17-49
154        </provider>
155    </application>
156
157</manifest>